<?xml version="1.0" encoding="UTF-8"?>
<!-- Generated by org.testng.reporters.JUnitReportReporter -->
<testsuite hostname="LAPTOP-H04OKNBJ" name="com.crm.qa.testcases.TestNGclass" tests="1" failures="0" timestamp="23 Oct 2020 21:39:12 GMT" time="0.016" errors="0">
  <testcase name="Test" time="0.016" classname="com.crm.qa.testcases.TestNGclass"/>
</testsuite> <!-- com.crm.qa.testcases.TestNGclass -->
