<?xml version="1.0" encoding="UTF-8"?>
<!-- Generated by org.testng.reporters.JUnitReportReporter -->
<testsuite hostname="LAPTOP-H04OKNBJ" name="com.crm.qa.testcases.LoginPageTest" tests="3" failures="0" timestamp="27 Oct 2020 02:44:58 GMT" time="31.290" errors="0">
  <testcase name="loginPageTitleTest" time="11.403" classname="com.crm.qa.testcases.LoginPageTest"/>
  <testcase name="registrationTest" time="8.956" classname="com.crm.qa.testcases.LoginPageTest"/>
  <testcase name="loginTest" time="10.931" classname="com.crm.qa.testcases.LoginPageTest"/>
</testsuite> <!-- com.crm.qa.testcases.LoginPageTest -->
