<?xml version="1.0" encoding="UTF-8"?>
<!-- Generated by org.testng.reporters.JUnitReportReporter -->
<testsuite hostname="LAPTOP-H04OKNBJ" name="com.crm.qa.testcases.MyMessagePageTest" tests="1" failures="0" timestamp="22 Oct 2020 20:11:34 GMT" time="20.022" errors="0">
  <testcase name="sendMessageTest" time="20.022" classname="com.crm.qa.testcases.MyMessagePageTest"/>
</testsuite> <!-- com.crm.qa.testcases.MyMessagePageTest -->
