<?xml version="1.0" encoding="UTF-8"?>
<!-- Generated by org.testng.reporters.JUnitReportReporter -->
<testsuite hostname="LAPTOP-H04OKNBJ" name="com.crm.qa.testcases.MemberPageTest" tests="4" failures="0" timestamp="22 Oct 2020 03:02:34 GMT" time="65.541" errors="0">
  <testcase name="verifyMemberPageLebel" time="14.590" classname="com.crm.qa.testcases.MemberPageTest"/>
  <testcase name="verifyViewAllMembersTest" time="18.082" classname="com.crm.qa.testcases.MemberPageTest"/>
  <testcase name="verifyPositionLinkTest" time="14.561" classname="com.crm.qa.testcases.MemberPageTest"/>
  <testcase name="clickOnForumPntLinkTest" time="18.308" classname="com.crm.qa.testcases.MemberPageTest"/>
</testsuite> <!-- com.crm.qa.testcases.MemberPageTest -->
